app/build/intermediates/manifest_merge_blame_file/debug/processDebugMainManifest/manifest-merger-blame-debug-report.txt
1<?xml version="1.0" encoding="utf-8"?>
2<manifest xmlns:android="http://schemas.android.com/apk/res/android"
3    package="com.stockmaster"
4    android:versionCode="1"
5    android:versionName="1.0" >
6
7    <uses-sdk
7-->INJECTED
8        android:minSdkVersion="24"
8-->INJECTED
9        android:targetSdkVersion="34" />
9-->INJECTED
10
11    <permission
11-->[androidx.core:core:1.12.0] AndroidManifest.xml:22:5-24:47
12        android:name="com.stockmaster.DYNAMIC_RECEIVER_NOT_EXPORTED_PERMISSION"
12-->[androidx.core:core:1.12.0] AndroidManifest.xml:23:9-81
13        android:protectionLevel="signature" />
13-->[androidx.core:core:1.12.0] AndroidManifest.xml:24:9-44
14
15    <uses-permission android:name="com.stockmaster.DYNAMIC_RECEIVER_NOT_EXPORTED_PERMISSION" />
15-->[androidx.core:core:1.12.0] AndroidManifest.xml:26:5-97
15-->[androidx.core:core:1.12.0] AndroidManifest.xml:26:22-94
16
17    <application
17-->src/main/AndroidManifest.xml:4:5-58:19
18        android:allowBackup="true"
18-->src/main/AndroidManifest.xml:5:9-35
19        android:appComponentFactory="androidx.core.app.CoreComponentFactory"
19-->[androidx.core:core:1.12.0] AndroidManifest.xml:28:18-86
20        android:dataExtractionRules="@xml/data_extraction_rules"
20-->src/main/AndroidManifest.xml:6:9-65
21        android:debuggable="true"
22        android:extractNativeLibs="false"
22-->INJECTED
23        android:fullBackupContent="@xml/backup_rules"
23-->src/main/AndroidManifest.xml:7:9-54
24        android:icon="@mipmap/ic_launcher"
24-->src/main/AndroidManifest.xml:8:9-43
25        android:label="@string/app_name"
25-->src/main/AndroidManifest.xml:9:9-41
26        android:roundIcon="@mipmap/ic_launcher_round"
26-->src/main/AndroidManifest.xml:10:9-54
27        android:supportsRtl="true"
27-->src/main/AndroidManifest.xml:11:9-35
28        android:testOnly="true"
29        android:theme="@style/Theme.StockMaster" >
29-->src/main/AndroidManifest.xml:12:9-49
30        <activity
30-->src/main/AndroidManifest.xml:15:9-23:20
31            android:name="com.stockmaster.activities.SplashActivity"
31-->src/main/AndroidManifest.xml:16:13-54
32            android:exported="true"
32-->src/main/AndroidManifest.xml:17:13-36
33            android:theme="@style/Theme.StockMaster.NoActionBar" >
33-->src/main/AndroidManifest.xml:18:13-65
34            <intent-filter>
34-->src/main/AndroidManifest.xml:19:13-22:29
35                <action android:name="android.intent.action.MAIN" />
35-->src/main/AndroidManifest.xml:20:17-69
35-->src/main/AndroidManifest.xml:20:25-66
36
37                <category android:name="android.intent.category.LAUNCHER" />
37-->src/main/AndroidManifest.xml:21:17-77
37-->src/main/AndroidManifest.xml:21:27-74
38            </intent-filter>
39        </activity>
40        <activity
40-->src/main/AndroidManifest.xml:25:9-28:68
41            android:name="com.stockmaster.activities.LoginActivity"
41-->src/main/AndroidManifest.xml:26:13-53
42            android:exported="false"
42-->src/main/AndroidManifest.xml:27:13-37
43            android:theme="@style/Theme.StockMaster.NoActionBar" />
43-->src/main/AndroidManifest.xml:28:13-65
44        <activity
44-->src/main/AndroidManifest.xml:30:9-33:68
45            android:name="com.stockmaster.activities.MainActivity"
45-->src/main/AndroidManifest.xml:31:13-52
46            android:exported="false"
46-->src/main/AndroidManifest.xml:32:13-37
47            android:theme="@style/Theme.StockMaster.NoActionBar" />
47-->src/main/AndroidManifest.xml:33:13-65
48        <activity
48-->src/main/AndroidManifest.xml:35:9-38:68
49            android:name="com.stockmaster.activities.ProductDetailActivity"
49-->src/main/AndroidManifest.xml:36:13-61
50            android:exported="false"
50-->src/main/AndroidManifest.xml:37:13-37
51            android:theme="@style/Theme.StockMaster.NoActionBar" />
51-->src/main/AndroidManifest.xml:38:13-65
52        <activity
52-->src/main/AndroidManifest.xml:40:9-43:68
53            android:name="com.stockmaster.activities.AddEditProductActivity"
53-->src/main/AndroidManifest.xml:41:13-62
54            android:exported="false"
54-->src/main/AndroidManifest.xml:42:13-37
55            android:theme="@style/Theme.StockMaster.NoActionBar" />
55-->src/main/AndroidManifest.xml:43:13-65
56        <activity
56-->src/main/AndroidManifest.xml:45:9-48:68
57            android:name="com.stockmaster.activities.SaleDetailActivity"
57-->src/main/AndroidManifest.xml:46:13-58
58            android:exported="false"
58-->src/main/AndroidManifest.xml:47:13-37
59            android:theme="@style/Theme.StockMaster.NoActionBar" />
59-->src/main/AndroidManifest.xml:48:13-65
60        <activity
60-->src/main/AndroidManifest.xml:50:9-53:68
61            android:name="com.stockmaster.activities.AlertsActivity"
61-->src/main/AndroidManifest.xml:51:13-54
62            android:exported="false"
62-->src/main/AndroidManifest.xml:52:13-37
63            android:theme="@style/Theme.StockMaster.NoActionBar" />
63-->src/main/AndroidManifest.xml:53:13-65
64
65        <meta-data
65-->src/main/AndroidManifest.xml:55:9-57:57
66            android:name="preloaded_fonts"
66-->src/main/AndroidManifest.xml:56:13-43
67            android:resource="@array/preloaded_fonts" />
67-->src/main/AndroidManifest.xml:57:13-54
68
69        <provider
69-->[androidx.emoji2:emoji2:1.2.0] AndroidManifest.xml:24:9-32:20
70            android:name="androidx.startup.InitializationProvider"
70-->[androidx.emoji2:emoji2:1.2.0] AndroidManifest.xml:25:13-67
71            android:authorities="com.stockmaster.androidx-startup"
71-->[androidx.emoji2:emoji2:1.2.0] AndroidManifest.xml:26:13-68
72            android:exported="false" >
72-->[androidx.emoji2:emoji2:1.2.0] AndroidManifest.xml:27:13-37
73            <meta-data
73-->[androidx.emoji2:emoji2:1.2.0] AndroidManifest.xml:29:13-31:52
74                android:name="androidx.emoji2.text.EmojiCompatInitializer"
74-->[androidx.emoji2:emoji2:1.2.0] AndroidManifest.xml:30:17-75
75                android:value="androidx.startup" />
75-->[androidx.emoji2:emoji2:1.2.0] AndroidManifest.xml:31:17-49
76            <meta-data
76-->[androidx.lifecycle:lifecycle-process:2.7.0] AndroidManifest.xml:29:13-31:52
77                android:name="androidx.lifecycle.ProcessLifecycleInitializer"
77-->[androidx.lifecycle:lifecycle-process:2.7.0] AndroidManifest.xml:30:17-78
78                android:value="androidx.startup" />
78-->[androidx.lifecycle:lifecycle-process:2.7.0] AndroidManifest.xml:31:17-49
79            <meta-data
79-->[androidx.profileinstaller:profileinstaller:1.3.0] AndroidManifest.xml:29:13-31:52
80                android:name="androidx.profileinstaller.ProfileInstallerInitializer"
80-->[androidx.profileinstaller:profileinstaller:1.3.0] AndroidManifest.xml:30:17-85
81                android:value="androidx.startup" />
81-->[androidx.profileinstaller:profileinstaller:1.3.0] AndroidManifest.xml:31:17-49
82        </provider>
83
84        <service
84-->[androidx.room:room-runtime-android:2.7.0-alpha11] AndroidManifest.xml:24:9-28:63
85            android:name="androidx.room.MultiInstanceInvalidationService"
85-->[androidx.room:room-runtime-android:2.7.0-alpha11] AndroidManifest.xml:25:13-74
86            android:directBootAware="true"
86-->[androidx.room:room-runtime-android:2.7.0-alpha11] AndroidManifest.xml:26:13-43
87            android:exported="false" />
87-->[androidx.room:room-runtime-android:2.7.0-alpha11] AndroidManifest.xml:27:13-37
88
89        <receiver
89-->[androidx.profileinstaller:profileinstaller:1.3.0] AndroidManifest.xml:34:9-52:20
90            android:name="androidx.profileinstaller.ProfileInstallReceiver"
90-->[androidx.profileinstaller:profileinstaller:1.3.0] AndroidManifest.xml:35:13-76
91            android:directBootAware="false"
91-->[androidx.profileinstaller:profileinstaller:1.3.0] AndroidManifest.xml:36:13-44
92            android:enabled="true"
92-->[androidx.profileinstaller:profileinstaller:1.3.0] AndroidManifest.xml:37:13-35
93            android:exported="true"
93-->[androidx.profileinstaller:profileinstaller:1.3.0] AndroidManifest.xml:38:13-36
94            android:permission="android.permission.DUMP" >
94-->[androidx.profileinstaller:profileinstaller:1.3.0] AndroidManifest.xml:39:13-57
95            <intent-filter>
95-->[androidx.profileinstaller:profileinstaller:1.3.0] AndroidManifest.xml:40:13-42:29
96                <action android:name="androidx.profileinstaller.action.INSTALL_PROFILE" />
96-->[androidx.profileinstaller:profileinstaller:1.3.0] AndroidManifest.xml:41:17-91
96-->[androidx.profileinstaller:profileinstaller:1.3.0] AndroidManifest.xml:41:25-88
97            </intent-filter>
98            <intent-filter>
98-->[androidx.profileinstaller:profileinstaller:1.3.0] AndroidManifest.xml:43:13-45:29
99                <action android:name="androidx.profileinstaller.action.SKIP_FILE" />
99-->[androidx.profileinstaller:profileinstaller:1.3.0] AndroidManifest.xml:44:17-85
99-->[androidx.profileinstaller:profileinstaller:1.3.0] AndroidManifest.xml:44:25-82
100            </intent-filter>
101            <intent-filter>
101-->[androidx.profileinstaller:profileinstaller:1.3.0] AndroidManifest.xml:46:13-48:29
102                <action android:name="androidx.profileinstaller.action.SAVE_PROFILE" />
102-->[androidx.profileinstaller:profileinstaller:1.3.0] AndroidManifest.xml:47:17-88
102-->[androidx.profileinstaller:profileinstaller:1.3.0] AndroidManifest.xml:47:25-85
103            </intent-filter>
104            <intent-filter>
104-->[androidx.profileinstaller:profileinstaller:1.3.0] AndroidManifest.xml:49:13-51:29
105                <action android:name="androidx.profileinstaller.action.BENCHMARK_OPERATION" />
105-->[androidx.profileinstaller:profileinstaller:1.3.0] AndroidManifest.xml:50:17-95
105-->[androidx.profileinstaller:profileinstaller:1.3.0] AndroidManifest.xml:50:25-92
106            </intent-filter>
107        </receiver>
108    </application>
109
110</manifest>